<?xml version="1.0" encoding="UTF-8"?>
<!-- Generated by org.testng.reporters.JUnitXMLReporter -->
<testsuite ignored="0" hostname="ENE" failures="0" tests="4" name="Default test" time="110.966" errors="0" timestamp="2022-09-12T14:27:03 WAT">
  <testcase classname="BgTest.PressTest" name="Verify_Blog_Button" time="28.092"/>
  <testcase classname="BgTest.PressTest" name="Verify_Blog_View_All_And_Read_More_Button" time="35.52"/>
  <testcase classname="BgTest.PressTest" name="Verify_News_And_Reports_Button" time="22.597"/>
  <testcase classname="BgTest.PressTest" name="Verify_News_And_Reports_Load_More_Button" time="24.711"/>
</testsuite> <!-- Default test -->
