<?xml version="1.0" encoding="UTF-8"?>
<testng-results ignored="0" total="2" passed="2" failed="0" skipped="0">
  <reporter-output>
  </reporter-output>
  <suite started-at="2022-12-04T15:19:20 WAT" name="Default suite" finished-at="2022-12-04T15:20:52 WAT" duration-ms="92547">
    <groups>
    </groups>
    <test started-at="2022-12-04T15:19:20 WAT" name="Default test" finished-at="2022-12-04T15:20:52 WAT" duration-ms="92547">
      <class name="BgTest.AboutUsTest">
        <test-method signature="Verify_Leadership_Button()[pri:0, instance:BgTest.AboutUsTest@7d0b7e3c]" started-at="2022-12-04T15:19:20 WAT" name="Verify_Leadership_Button" finished-at="2022-12-04T15:19:54 WAT" duration-ms="34668" status="PASS">
          <reporter-output>
          </reporter-output>
        </test-method> <!-- Verify_Leadership_Button -->
        <test-method signature="Verify_Who_We_Are_Button()[pri:0, instance:BgTest.AboutUsTest@7d0b7e3c]" started-at="2022-12-04T15:19:54 WAT" name="Verify_Who_We_Are_Button" finished-at="2022-12-04T15:20:52 WAT" duration-ms="57799" status="PASS">
          <reporter-output>
          </reporter-output>
        </test-method> <!-- Verify_Who_We_Are_Button -->
      </class> <!-- BgTest.AboutUsTest -->
    </test> <!-- Default test -->
  </suite> <!-- Default suite -->
</testng-results>
