<?xml version="1.0" encoding="UTF-8"?>
<testng-results ignored="0" total="1" passed="1" failed="0" skipped="0">
  <reporter-output>
  </reporter-output>
  <suite started-at="2022-09-13T12:30:44 WAT" name="Default suite" finished-at="2022-09-13T12:31:42 WAT" duration-ms="57353">
    <groups>
    </groups>
    <test started-at="2022-09-13T12:30:44 WAT" name="Default test" finished-at="2022-09-13T12:31:42 WAT" duration-ms="57353">
      <class name="BgTest.CareerPageTest">
        <test-method signature="Verify_User_Can_Create_Account()[pri:0, instance:BgTest.CareerPageTest@1c7696c6]" started-at="2022-09-13T12:30:44 WAT" name="Verify_User_Can_Create_Account" finished-at="2022-09-13T12:31:42 WAT" duration-ms="57307" status="PASS">
          <reporter-output>
          </reporter-output>
        </test-method> <!-- Verify_User_Can_Create_Account -->
      </class> <!-- BgTest.CareerPageTest -->
    </test> <!-- Default test -->
  </suite> <!-- Default suite -->
</testng-results>
