<?xml version="1.0" encoding="UTF-8"?>
<testng-results ignored="0" total="1" passed="1" failed="0" skipped="0">
  <reporter-output>
  </reporter-output>
  <suite started-at="2022-09-15T07:50:03 WAT" name="Default suite" finished-at="2022-09-15T07:50:20 WAT" duration-ms="17247">
    <groups>
    </groups>
    <test started-at="2022-09-15T07:50:03 WAT" name="Default test" finished-at="2022-09-15T07:50:20 WAT" duration-ms="17247">
      <class name="BgTest.AboutUsTest">
        <test-method signature="Verify_Leadership_Button()[pri:0, instance:BgTest.AboutUsTest@1c7696c6]" started-at="2022-09-15T07:50:03 WAT" name="Verify_Leadership_Button" finished-at="2022-09-15T07:50:20 WAT" duration-ms="17209" status="PASS">
          <reporter-output>
          </reporter-output>
        </test-method> <!-- Verify_Leadership_Button -->
      </class> <!-- BgTest.AboutUsTest -->
    </test> <!-- Default test -->
  </suite> <!-- Default suite -->
</testng-results>
